  3D A Game.cpp
c:\users\hugh\dropbox\c++ projects\3d a game\3d a game\HUtils.h(133): warning C4244: '=': conversion from 'double' to 'float', possible loss of data
c:\users\hugh\dropbox\c++ projects\3d a game\3d a game\HUtils.h(140): warning C4244: 'argument': conversion from 'double' to 'float', possible loss of data
c:\users\hugh\dropbox\c++ projects\3d a game\3d a game\HUtils.h(212): warning C4800: 'char': forcing value to bool 'true' or 'false' (performance warning)
c:\users\hugh\dropbox\c++ projects\3d a game\3d a game\HUtils.h(439): warning C4838: conversion from 'char' to 'unsigned char' requires a narrowing conversion
c:\users\hugh\dropbox\c++ projects\3d a game\3d a game\HUtils.h(490): warning C4312: 'type cast': conversion from 'int' to 'HWND' of greater size
c:\users\hugh\dropbox\c++ projects\3d a game\3d a game\HUtils.h(692): warning C4267: 'initializing': conversion from 'size_t' to 'int', possible loss of data
c:\users\hugh\dropbox\c++ projects\3d a game\3d a game\cameraController.h(89): warning C4305: 'initializing': truncation from 'double' to 'float'
c:\users\hugh\dropbox\c++ projects\3d a game\3d a game\cameraController.h(27): warning C4244: '=': conversion from 'int' to 'float', possible loss of data
c:\users\hugh\dropbox\c++ projects\3d a game\3d a game\cameraController.h(28): warning C4244: '=': conversion from 'int' to 'float', possible loss of data
c:\users\hugh\dropbox\c++ projects\3d a game\3d a game\cameraController.h(36): warning C4244: '=': conversion from 'double' to 'float', possible loss of data
c:\users\hugh\dropbox\c++ projects\3d a game\3d a game\cameraController.h(38): warning C4305: '=': truncation from 'double' to 'float'
c:\users\hugh\dropbox\c++ projects\3d a game\3d a game\cameraController.h(40): warning C4305: '=': truncation from 'double' to 'float'
c:\users\hugh\dropbox\c++ projects\3d a game\3d a game\cameraController.h(47): warning C4244: 'argument': conversion from 'float' to 'int', possible loss of data
c:\users\hugh\dropbox\c++ projects\3d a game\3d a game\cameraController.h(56): warning C4244: '=': conversion from 'double' to 'float', possible loss of data
c:\users\hugh\dropbox\c++ projects\3d a game\3d a game\cameraController.h(57): warning C4244: '=': conversion from 'double' to 'float', possible loss of data
c:\users\hugh\dropbox\c++ projects\3d a game\3d a game\cameraController.h(58): warning C4244: '=': conversion from 'double' to 'float', possible loss of data
c:\users\hugh\dropbox\c++ projects\3d a game\3d a game\cameraController.h(60): warning C4244: 'argument': conversion from 'double' to 'float', possible loss of data
c:\users\hugh\dropbox\c++ projects\3d a game\3d a game\render.h(57): warning C4244: 'argument': conversion from 'float' to 'int', possible loss of data
c:\users\hugh\dropbox\c++ projects\3d a game\3d a game\render.h(72): warning C4838: conversion from 'double' to 'GLfloat' requires a narrowing conversion
c:\users\hugh\dropbox\c++ projects\3d a game\3d a game\render.h(72): warning C4305: 'initializing': truncation from 'double' to 'GLfloat'
c:\users\hugh\dropbox\c++ projects\3d a game\3d a game\render.h(69): warning C4101: 'filter': unreferenced local variable
c:\users\hugh\dropbox\c++ projects\3d a game\3d a game\entityInterop.h(33): warning C4267: 'return': conversion from 'size_t' to 'int', possible loss of data
c:\users\hugh\dropbox\c++ projects\3d a game\3d a game\tiny_obj_loader.h(1092): warning C4996: 'sscanf': This function or variable may be unsafe. Consider using sscanf_s instead. To disable deprecation, use _CRT_SECURE_NO_WARNINGS. See online help for details.
  C:\Program Files (x86)\Windows Kits\10\Include\10.0.10240.0\ucrt\stdio.h(2254): note: see declaration of 'sscanf'
c:\users\hugh\dropbox\c++ projects\3d a game\3d a game\tiny_obj_loader.h(1116): warning C4996: 'sscanf': This function or variable may be unsafe. Consider using sscanf_s instead. To disable deprecation, use _CRT_SECURE_NO_WARNINGS. See online help for details.
  C:\Program Files (x86)\Windows Kits\10\Include\10.0.10240.0\ucrt\stdio.h(2254): note: see declaration of 'sscanf'
c:\users\hugh\dropbox\c++ projects\3d a game\3d a game\model.h(190): warning C4305: 'argument': truncation from 'double' to 'float'
c:\users\hugh\dropbox\c++ projects\3d a game\3d a game\model.h(240): warning C4305: 'argument': truncation from 'double' to 'GLfloat'
c:\users\hugh\dropbox\c++ projects\3d a game\3d a game\model.h(294): warning C4305: 'argument': truncation from 'double' to 'GLfloat'
c:\users\hugh\dropbox\c++ projects\3d a game\3d a game\model.h(301): warning C4244: 'initializing': conversion from 'double' to 'float', possible loss of data
c:\users\hugh\dropbox\c++ projects\3d a game\3d a game\model.h(303): warning C4305: '=': truncation from 'double' to 'float'
c:\users\hugh\dropbox\c++ projects\3d a game\3d a game\model.h(306): warning C4244: '=': conversion from 'double' to 'float', possible loss of data
c:\users\hugh\dropbox\c++ projects\3d a game\3d a game\model.h(308): warning C4305: '=': truncation from 'double' to 'float'
c:\users\hugh\dropbox\c++ projects\3d a game\3d a game\model.h(311): warning C4244: '=': conversion from 'double' to 'float', possible loss of data
c:\users\hugh\dropbox\c++ projects\3d a game\3d a game\model.h(313): warning C4305: '=': truncation from 'double' to 'float'
c:\users\hugh\dropbox\c++ projects\3d a game\3d a game\model.h(321): warning C4244: 'initializing': conversion from 'double' to 'float', possible loss of data
c:\users\hugh\dropbox\c++ projects\3d a game\3d a game\model.h(328): warning C4244: 'argument': conversion from 'double' to 'float', possible loss of data
c:\users\hugh\dropbox\c++ projects\3d a game\3d a game\model.h(334): warning C4244: '*=': conversion from 'double' to 'float', possible loss of data
c:\users\hugh\dropbox\c++ projects\3d a game\3d a game\model.h(336): warning C4305: '=': truncation from 'double' to 'float'
c:\users\hugh\dropbox\c++ projects\3d a game\3d a game\model.h(339): warning C4305: '=': truncation from 'double' to 'float'
c:\users\hugh\dropbox\c++ projects\3d a game\3d a game\model.h(421): warning C4305: 'argument': truncation from 'double' to 'GLfloat'
c:\users\hugh\dropbox\c++ projects\3d a game\3d a game\model.h(428): warning C4244: 'initializing': conversion from 'double' to 'float', possible loss of data
c:\users\hugh\dropbox\c++ projects\3d a game\3d a game\model.h(430): warning C4305: '=': truncation from 'double' to 'float'
c:\users\hugh\dropbox\c++ projects\3d a game\3d a game\model.h(433): warning C4244: '=': conversion from 'double' to 'float', possible loss of data
c:\users\hugh\dropbox\c++ projects\3d a game\3d a game\model.h(435): warning C4305: '=': truncation from 'double' to 'float'
c:\users\hugh\dropbox\c++ projects\3d a game\3d a game\model.h(438): warning C4244: '=': conversion from 'double' to 'float', possible loss of data
c:\users\hugh\dropbox\c++ projects\3d a game\3d a game\model.h(440): warning C4305: '=': truncation from 'double' to 'float'
c:\users\hugh\dropbox\c++ projects\3d a game\3d a game\model.h(448): warning C4244: 'initializing': conversion from 'double' to 'float', possible loss of data
c:\users\hugh\dropbox\c++ projects\3d a game\3d a game\model.h(455): warning C4244: 'argument': conversion from 'double' to 'float', possible loss of data
c:\users\hugh\dropbox\c++ projects\3d a game\3d a game\model.h(461): warning C4244: '*=': conversion from 'double' to 'float', possible loss of data
c:\users\hugh\dropbox\c++ projects\3d a game\3d a game\model.h(463): warning C4305: '=': truncation from 'double' to 'float'
c:\users\hugh\dropbox\c++ projects\3d a game\3d a game\model.h(466): warning C4305: '=': truncation from 'double' to 'float'
c:\users\hugh\dropbox\c++ projects\3d a game\3d a game\model.h(527): warning C4305: 'argument': truncation from 'double' to 'float'
c:\users\hugh\dropbox\c++ projects\3d a game\3d a game\model.h(530): warning C4305: 'argument': truncation from 'double' to 'float'
c:\users\hugh\dropbox\c++ projects\3d a game\3d a game\model.h(647): warning C4305: 'initializing': truncation from 'int' to 'float'
c:\users\hugh\dropbox\c++ projects\3d a game\3d a game\entityBouncyBall.h(32): warning C4244: 'argument': conversion from 'double' to 'float', possible loss of data
c:\users\hugh\dropbox\c++ projects\3d a game\3d a game\entityBouncyBall.h(33): warning C4305: 'argument': truncation from 'double' to 'float'
c:\users\hugh\dropbox\c++ projects\3d a game\3d a game\entityBouncyBall.h(43): warning C4305: 'argument': truncation from 'double' to 'float'
c:\users\hugh\dropbox\c++ projects\3d a game\3d a game\entityPlayer.h(151): warning C4305: 'initializing': truncation from 'double' to 'float'
c:\users\hugh\dropbox\c++ projects\3d a game\3d a game\entityPlayer.h(26): warning C4305: 'initializing': truncation from 'double' to 'float'
c:\users\hugh\dropbox\c++ projects\3d a game\3d a game\entityPlayer.h(27): warning C4305: 'initializing': truncation from 'double' to 'float'
c:\users\hugh\dropbox\c++ projects\3d a game\3d a game\entityPlayer.h(28): warning C4305: 'initializing': truncation from 'double' to 'float'
c:\users\hugh\dropbox\c++ projects\3d a game\3d a game\entityPlayer.h(34): warning C4244: 'initializing': conversion from 'double' to 'float', possible loss of data
c:\users\hugh\dropbox\c++ projects\3d a game\3d a game\entityPlayer.h(46): warning C4244: '+=': conversion from 'double' to 'float', possible loss of data
c:\users\hugh\dropbox\c++ projects\3d a game\3d a game\entityPlayer.h(47): warning C4244: '+=': conversion from 'double' to 'float', possible loss of data
c:\users\hugh\dropbox\c++ projects\3d a game\3d a game\entityPlayer.h(76): warning C4305: '+=': truncation from 'double' to 'float'
c:\users\hugh\dropbox\c++ projects\3d a game\3d a game\entityPlayer.h(77): warning C4305: '+=': truncation from 'double' to 'float'
c:\users\hugh\dropbox\c++ projects\3d a game\3d a game\entityPlayer.h(81): warning C4305: 'initializing': truncation from 'double' to 'float'
c:\users\hugh\dropbox\c++ projects\3d a game\3d a game\entityPlayer.h(95): warning C4244: 'argument': conversion from 'double' to 'float', possible loss of data
c:\users\hugh\dropbox\c++ projects\3d a game\3d a game\entityPlayer.h(99): warning C4244: '=': conversion from 'double' to 'float', possible loss of data
c:\users\hugh\dropbox\c++ projects\3d a game\3d a game\entityPlayer.h(100): warning C4305: 'initializing': truncation from 'double' to 'float'
c:\users\hugh\dropbox\c++ projects\3d a game\3d a game\entityPlayer.h(128): warning C4305: 'argument': truncation from 'double' to 'float'
c:\users\hugh\dropbox\c++ projects\3d a game\3d a game\engine.h(23): warning C4244: 'argument': conversion from 'time_t' to 'unsigned int', possible loss of data
c:\users\hugh\dropbox\c++ projects\3d a game\3d a game\engine.h(41): warning C4305: 'argument': truncation from 'double' to 'float'
c:\users\hugh\dropbox\c++ projects\3d a game\3d a game\engine.h(42): warning C4305: 'argument': truncation from 'double' to 'float'
  globals.cpp
  model.cpp
  stdafx.cpp
3D A Game.obj : error LNK2001: unresolved external symbol __imp_glutWarpPointer
3D A Game.obj : error LNK2001: unresolved external symbol __imp_glutReshapeFunc
3D A Game.obj : error LNK2001: unresolved external symbol __imp___glutCreateWindowWithExit
3D A Game.obj : error LNK2001: unresolved external symbol __imp___glutInitWithExit
3D A Game.obj : error LNK2001: unresolved external symbol __imp_glutPostRedisplay
3D A Game.obj : error LNK2001: unresolved external symbol __imp_glutSolidSphere
3D A Game.obj : error LNK2001: unresolved external symbol __imp_glutInitDisplayMode
3D A Game.obj : error LNK2001: unresolved external symbol __imp_glutDisplayFunc
3D A Game.obj : error LNK2001: unresolved external symbol __imp_glutMainLoop
3D A Game.obj : error LNK2001: unresolved external symbol __imp_glutInitWindowSize
3D A Game.obj : error LNK2001: unresolved external symbol __imp_glutSwapBuffers
C:\Users\Hugh\Dropbox\C++ Projects\3D A Game\x64\Release\3D A Game.exe : fatal error LNK1120: 11 unresolved externals
